{"contracts/ERC20Example.sol":{"l":{"29":3,"30":3,"34":1,"41":0,"49":0,"66":0,"73":0,"80":4,"92":3,"93":3,"100":0,"111":0,"112":0,"133":0,"135":0,"136":0,"137":0,"141":0,"157":0,"158":0,"176":0,"177":0,"178":0,"182":0,"204":3,"205":3,"207":3,"209":3,"210":3,"211":3,"214":3,"216":3,"218":3,"231":1,"233":1,"235":1,"236":1,"237":1,"239":1,"254":0,"256":0,"258":0,"259":0,"260":0,"263":0,"265":0,"267":0,"288":0,"289":0,"291":0,"292":0},"path":"/Users/sergeyvagapov/Solidity/hardhat-template-js/contracts/ERC20Example.sol","s":{"1":3,"2":3,"3":1,"4":0,"5":0,"6":0,"7":0,"8":4,"9":3,"10":3,"11":0,"12":0,"13":0,"14":0,"15":0,"16":0,"17":0,"18":0,"19":0,"20":0,"21":0,"22":0,"23":3,"24":3,"25":3,"26":3,"27":3,"28":3,"29":3,"30":3,"31":1,"32":1,"33":1,"34":1,"35":1,"36":1,"37":0,"38":0,"39":0,"40":0,"41":0,"42":0,"43":0,"44":0,"45":0,"46":0,"47":0},"b":{"1":[0,0],"2":[0,0],"3":[3,0],"4":[3,0],"5":[3,0],"6":[1,0],"7":[0,0],"8":[0,0],"9":[0,0],"10":[0,0]},"f":{"1":3,"2":1,"3":0,"4":0,"5":0,"6":0,"7":4,"8":3,"9":0,"10":0,"11":0,"12":0,"13":0,"14":3,"15":1,"16":0,"17":0,"18":4,"19":4},"fnMap":{"1":{"name":"constructor","line":28,"loc":{"start":{"line":28,"column":4},"end":{"line":31,"column":4}}},"2":{"name":"mint","line":33,"loc":{"start":{"line":33,"column":4},"end":{"line":35,"column":4}}},"3":{"name":"name","line":40,"loc":{"start":{"line":40,"column":4},"end":{"line":42,"column":4}}},"4":{"name":"symbol","line":48,"loc":{"start":{"line":48,"column":4},"end":{"line":50,"column":4}}},"5":{"name":"decimals","line":65,"loc":{"start":{"line":65,"column":4},"end":{"line":67,"column":4}}},"6":{"name":"totalSupply","line":72,"loc":{"start":{"line":72,"column":4},"end":{"line":74,"column":4}}},"7":{"name":"balanceOf","line":79,"loc":{"start":{"line":79,"column":4},"end":{"line":81,"column":4}}},"8":{"name":"transfer","line":91,"loc":{"start":{"line":91,"column":4},"end":{"line":94,"column":4}}},"9":{"name":"allowance","line":99,"loc":{"start":{"line":99,"column":4},"end":{"line":101,"column":4}}},"10":{"name":"approve","line":110,"loc":{"start":{"line":110,"column":4},"end":{"line":113,"column":4}}},"11":{"name":"transferFrom","line":128,"loc":{"start":{"line":128,"column":4},"end":{"line":142,"column":4}}},"12":{"name":"increaseAllowance","line":156,"loc":{"start":{"line":156,"column":4},"end":{"line":159,"column":4}}},"13":{"name":"decreaseAllowance","line":175,"loc":{"start":{"line":175,"column":4},"end":{"line":183,"column":4}}},"14":{"name":"_transfer","line":199,"loc":{"start":{"line":199,"column":4},"end":{"line":219,"column":4}}},"15":{"name":"_mint","line":230,"loc":{"start":{"line":230,"column":4},"end":{"line":240,"column":4}}},"16":{"name":"_burn","line":253,"loc":{"start":{"line":253,"column":4},"end":{"line":268,"column":4}}},"17":{"name":"_approve","line":283,"loc":{"start":{"line":283,"column":4},"end":{"line":293,"column":4}}},"18":{"name":"_beforeTokenTransfer","line":309,"loc":{"start":{"line":309,"column":4},"end":{"line":313,"column":24}}},"19":{"name":"_afterTokenTransfer","line":329,"loc":{"start":{"line":329,"column":4},"end":{"line":333,"column":24}}}},"statementMap":{"1":{"start":{"line":29,"column":8},"end":{"line":29,"column":20}},"2":{"start":{"line":30,"column":8},"end":{"line":30,"column":24}},"3":{"start":{"line":34,"column":8},"end":{"line":34,"column":26}},"4":{"start":{"line":41,"column":8},"end":{"line":41,"column":20}},"5":{"start":{"line":49,"column":8},"end":{"line":49,"column":22}},"6":{"start":{"line":66,"column":8},"end":{"line":66,"column":17}},"7":{"start":{"line":73,"column":8},"end":{"line":73,"column":27}},"8":{"start":{"line":80,"column":8},"end":{"line":80,"column":33}},"9":{"start":{"line":92,"column":8},"end":{"line":92,"column":49}},"10":{"start":{"line":93,"column":8},"end":{"line":93,"column":19}},"11":{"start":{"line":100,"column":8},"end":{"line":100,"column":42}},"12":{"start":{"line":111,"column":8},"end":{"line":111,"column":46}},"13":{"start":{"line":112,"column":8},"end":{"line":112,"column":19}},"14":{"start":{"line":133,"column":8},"end":{"line":133,"column":43}},"15":{"start":{"line":135,"column":8},"end":{"line":135,"column":68}},"16":{"start":{"line":136,"column":8},"end":{"line":136,"column":86}},"17":{"start":{"line":141,"column":8},"end":{"line":141,"column":19}},"18":{"start":{"line":157,"column":8},"end":{"line":157,"column":87}},"19":{"start":{"line":158,"column":8},"end":{"line":158,"column":19}},"20":{"start":{"line":176,"column":8},"end":{"line":176,"column":69}},"21":{"start":{"line":177,"column":8},"end":{"line":177,"column":92}},"22":{"start":{"line":182,"column":8},"end":{"line":182,"column":19}},"23":{"start":{"line":204,"column":8},"end":{"line":204,"column":77}},"24":{"start":{"line":205,"column":8},"end":{"line":205,"column":78}},"25":{"start":{"line":207,"column":8},"end":{"line":207,"column":54}},"26":{"start":{"line":209,"column":8},"end":{"line":209,"column":49}},"27":{"start":{"line":210,"column":8},"end":{"line":210,"column":81}},"28":{"start":{"line":214,"column":8},"end":{"line":214,"column":37}},"29":{"start":{"line":216,"column":8},"end":{"line":216,"column":48}},"30":{"start":{"line":218,"column":8},"end":{"line":218,"column":53}},"31":{"start":{"line":231,"column":8},"end":{"line":231,"column":72}},"32":{"start":{"line":233,"column":8},"end":{"line":233,"column":56}},"33":{"start":{"line":235,"column":8},"end":{"line":235,"column":29}},"34":{"start":{"line":236,"column":8},"end":{"line":236,"column":35}},"35":{"start":{"line":237,"column":8},"end":{"line":237,"column":50}},"36":{"start":{"line":239,"column":8},"end":{"line":239,"column":55}},"37":{"start":{"line":254,"column":8},"end":{"line":254,"column":74}},"38":{"start":{"line":256,"column":8},"end":{"line":256,"column":56}},"39":{"start":{"line":258,"column":8},"end":{"line":258,"column":51}},"40":{"start":{"line":259,"column":8},"end":{"line":259,"column":78}},"41":{"start":{"line":263,"column":8},"end":{"line":263,"column":29}},"42":{"start":{"line":265,"column":8},"end":{"line":265,"column":50}},"43":{"start":{"line":267,"column":8},"end":{"line":267,"column":55}},"44":{"start":{"line":288,"column":8},"end":{"line":288,"column":75}},"45":{"start":{"line":289,"column":8},"end":{"line":289,"column":75}},"46":{"start":{"line":291,"column":8},"end":{"line":291,"column":43}},"47":{"start":{"line":292,"column":8},"end":{"line":292,"column":45}}},"branchMap":{"1":{"line":136,"type":"if","locations":[{"start":{"line":136,"column":8},"end":{"line":136,"column":8}},{"start":{"line":136,"column":8},"end":{"line":136,"column":8}}]},"2":{"line":177,"type":"if","locations":[{"start":{"line":177,"column":8},"end":{"line":177,"column":8}},{"start":{"line":177,"column":8},"end":{"line":177,"column":8}}]},"3":{"line":204,"type":"if","locations":[{"start":{"line":204,"column":8},"end":{"line":204,"column":8}},{"start":{"line":204,"column":8},"end":{"line":204,"column":8}}]},"4":{"line":205,"type":"if","locations":[{"start":{"line":205,"column":8},"end":{"line":205,"column":8}},{"start":{"line":205,"column":8},"end":{"line":205,"column":8}}]},"5":{"line":210,"type":"if","locations":[{"start":{"line":210,"column":8},"end":{"line":210,"column":8}},{"start":{"line":210,"column":8},"end":{"line":210,"column":8}}]},"6":{"line":231,"type":"if","locations":[{"start":{"line":231,"column":8},"end":{"line":231,"column":8}},{"start":{"line":231,"column":8},"end":{"line":231,"column":8}}]},"7":{"line":254,"type":"if","locations":[{"start":{"line":254,"column":8},"end":{"line":254,"column":8}},{"start":{"line":254,"column":8},"end":{"line":254,"column":8}}]},"8":{"line":259,"type":"if","locations":[{"start":{"line":259,"column":8},"end":{"line":259,"column":8}},{"start":{"line":259,"column":8},"end":{"line":259,"column":8}}]},"9":{"line":288,"type":"if","locations":[{"start":{"line":288,"column":8},"end":{"line":288,"column":8}},{"start":{"line":288,"column":8},"end":{"line":288,"column":8}}]},"10":{"line":289,"type":"if","locations":[{"start":{"line":289,"column":8},"end":{"line":289,"column":8}},{"start":{"line":289,"column":8},"end":{"line":289,"column":8}}]}}}}